Error code: 429 - {'error': {'message': 'Rate limit reached for text-embedding-ada-002 in organization org-Jq1HIGVHuOeQs8uLw8OOOtRa on requests per min (RPM): Limit 3, Used 3, Requested 1. Please try again in 20s. Visit https://platform.openai.com/account/rate-limits to learn more. You can increase your rate limit by adding a payment method to your account at https://platform.openai.com/account/billing.', 'type': 'requests', 'param': None, 'code': 'rate_limit_exceeded'}}
httpx.HTTPStatusError: Client error '429 Too Many Requests' for url 'https://api.openai.com/v1/embeddings'
For more information check: https://developer.mozilla.org/en-US/docs/Web/HTTP/Status/429

During handling of the above exception, another exception occurred:

httpx.HTTPStatusError: Client error '429 Too Many Requests' for url 'https://api.openai.com/v1/embeddings'
For more information check: https://developer.mozilla.org/en-US/docs/Web/HTTP/Status/429